Build started 10/30/2014 04:54:14.
     1>Project "D:\Tutorials\Visual C++\cppTut\printLevel\printLevel\printLevel.vcxproj" on node 2 (build target(s)).
     1>InitializeBuildStatus:
         Creating "Debug\printLevel.unsuccessfulbuild" because "AlwaysCreate" was specified.
       ClCompile:
         All outputs are up-to-date.
         d:\Softwares\Microsoft Visual Studio 10.0\VC\bin\CL.exe /c /ZI /nologo /W3 /WX- /Od /Oy- /D WIN32 /D _DEBUG /D _CONSOLE /D _UNICODE /D UNICODE /Gm /EHsc /RTC1 /MDd /GS /fp:precise /Zc:wchar_t /Zc:forScope /Yu"StdAfx.h" /Fp"Debug\printLevel.pch" /Fo"Debug\\" /Fd"Debug\vc100.pdb" /Gd /TP /analyze- /errorReport:prompt printLevel.cpp
         printLevel.cpp
       ManifestResourceCompile:
         All outputs are up-to-date.
       Link:
         d:\Softwares\Microsoft Visual Studio 10.0\VC\bin\link.exe /ERRORREPORT:PROMPT /OUT:"D:\Tutorials\Visual C++\cppTut\printLevel\Debug\printLevel.exe" /INCREMENTAL /NOLOGO kernel32.lib user32.lib gdi32.lib winspool.lib comdlg32.lib advapi32.lib shell32.lib ole32.lib oleaut32.lib uuid.lib odbc32.lib odbccp32.lib /MANIFEST /ManifestFile:"Debug\printLevel.exe.intermediate.manifest" /MANIFESTUAC:"level='asInvoker' uiAccess='false'" /DEBUG /PDB:"D:\Tutorials\Visual C++\cppTut\printLevel\Debug\printLevel.pdb" /SUBSYSTEM:CONSOLE /TLBID:1 /DYNAMICBASE /NXCOMPAT /IMPLIB:"D:\Tutorials\Visual C++\cppTut\printLevel\Debug\printLevel.lib" /MACHINE:X86 Debug\printLevel.exe.embed.manifest.res
         Debug\printLevel.obj
         Debug\stdafx.obj
       Manifest:
         C:\Program Files (x86)\Microsoft SDKs\Windows\v7.0A\bin\mt.exe /nologo /verbose /out:"Debug\printLevel.exe.embed.manifest" /manifest Debug\printLevel.exe.intermediate.manifest
         All outputs are up-to-date.
       LinkEmbedManifest:
         All outputs are up-to-date.
         printLevel.vcxproj -> D:\Tutorials\Visual C++\cppTut\printLevel\Debug\printLevel.exe
       FinalizeBuildStatus:
         Deleting file "Debug\printLevel.unsuccessfulbuild".
         Touching "Debug\printLevel.lastbuildstate".
     1>Done Building Project "D:\Tutorials\Visual C++\cppTut\printLevel\printLevel\printLevel.vcxproj" (build target(s)).

Build succeeded.

Time Elapsed 00:00:02.81
